<?xml version="1.0" encoding="utf-8"?><testsuites name="pytest tests"><testsuite name="pytest" errors="0" failures="0" skipped="0" tests="17" time="2.295" timestamp="2026-08-04T00:14:50.081676+00:00" hostname="agent-env-a989d36b-21b6-46b5-b93f-14b7756c1853"><testcase classname="tests.test_wizard_share_watermark.TestPlanLimits" name="test_admin_gets_pro_entitlements_and_limits" time="0.492" /><testcase classname="tests.test_wizard_share_watermark.TestPlanLimits" name="test_free_limits" time="0.401" /><testcase classname="tests.test_wizard_share_watermark.TestPlanLimits" name="test_plans_endpoint_public" time="0.108" /><testcase classname="tests.test_wizard_share_watermark.TestTimestampFix" name="test_jobs_created_at_has_utc_offset" time="0.063" /><testcase classname="tests.test_wizard_share_watermark.TestFreeGates" name="test_free_n_clips_over_limit_gets_402" time="0.046" /><testcase classname="tests.test_wizard_share_watermark.TestFreeGates" name="test_free_tighten_pauses_gets_402" time="0.049" /><testcase classname="tests.test_wizard_share_watermark.TestFreeGates" name="test_free_multilingual_gets_402" time="0.115" /><testcase classname="tests.test_wizard_share_watermark.TestFreeGates" name="test_free_gameplay_template_gets_402" time="0.049" /><testcase classname="tests.test_wizard_share_watermark.TestFreeGates" name="test_admin_gates_pass_validation" time="0.047" /><testcase classname="tests.test_wizard_share_watermark.TestSharePages" name="test_free_share_denied_402" time="0.053" /><testcase classname="tests.test_wizard_share_watermark.TestSharePages" name="test_admin_share_mint_and_idempotent" time="0.092" /><testcase classname="tests.test_wizard_share_watermark.TestSharePages" name="test_other_users_job_gets_403" time="0.048" /><testcase classname="tests.test_wizard_share_watermark.TestSharePublicRead" name="test_public_read_and_view_increment" time="0.271" /><testcase classname="tests.test_wizard_share_watermark.TestSharePublicRead" name="test_invalid_token_404" time="0.092" /><testcase classname="tests.test_wizard_share_watermark.TestWatermark" name="test_free_job_freezes_watermark_text" time="0.158" /><testcase classname="tests.test_wizard_share_watermark.TestWatermark" name="test_admin_job_has_empty_watermark" time="0.158" /><testcase classname="tests.test_wizard_share_watermark.TestWatermark" name="test_watermark_filter_produces_drawtext" time="0.004" /></testsuite></testsuites>